c:\users\flmondal\desktop\aip\extractxpsdocument\extractxps\extractxps\debug\extractxps.pch
c:\users\flmondal\desktop\aip\extractxpsdocument\extractxps\extractxps\debug\vc141.pdb
c:\users\flmondal\desktop\aip\extractxpsdocument\extractxps\extractxps\debug\stdafx.obj
c:\users\flmondal\desktop\aip\extractxpsdocument\extractxps\extractxps\debug\decryptor.obj
c:\users\flmondal\desktop\aip\extractxpsdocument\extractxps\extractxps\debug\assemblyinfo.obj
c:\users\flmondal\desktop\aip\extractxpsdocument\extractxps\extractxps\debug\.netframework,version=v4.6.1.assemblyattributes.obj
c:\users\flmondal\desktop\aip\extractxpsdocument\extractxps\extractxps\debug\.netframework,version=v4.6.1.assemblyattributes.asm
c:\users\flmondal\desktop\aip\extractxpsdocument\extractxps\extractxps\debug\extractxps.obj
c:\users\flmondal\desktop\aip\extractxpsdocument\extractxps\debug\extractxps.exe
c:\users\flmondal\desktop\aip\extractxpsdocument\extractxps\debug\extractxps.pdb
c:\users\flmondal\desktop\aip\extractxpsdocument\extractxps\extractxps\debug\app.res
c:\users\flmondal\desktop\aip\extractxpsdocument\extractxps\extractxps\debug\extractxps.tlog\cl.command.1.tlog
c:\users\flmondal\desktop\aip\extractxpsdocument\extractxps\extractxps\debug\extractxps.tlog\cl.read.1.tlog
c:\users\flmondal\desktop\aip\extractxpsdocument\extractxps\extractxps\debug\extractxps.tlog\cl.write.1.tlog
c:\users\flmondal\desktop\aip\extractxpsdocument\extractxps\extractxps\debug\extractxps.tlog\link.command.1.tlog
c:\users\flmondal\desktop\aip\extractxpsdocument\extractxps\extractxps\debug\extractxps.tlog\link.read.1.tlog
c:\users\flmondal\desktop\aip\extractxpsdocument\extractxps\extractxps\debug\extractxps.tlog\link.write.1.tlog
c:\users\flmondal\desktop\aip\extractxpsdocument\extractxps\extractxps\debug\extractxps.tlog\metagen.read.1.tlog
c:\users\flmondal\desktop\aip\extractxpsdocument\extractxps\extractxps\debug\extractxps.tlog\metagen.write.1.tlog
c:\users\flmondal\desktop\aip\extractxpsdocument\extractxps\extractxps\debug\extractxps.tlog\rc.command.1.tlog
c:\users\flmondal\desktop\aip\extractxpsdocument\extractxps\extractxps\debug\extractxps.tlog\rc.read.1.tlog
c:\users\flmondal\desktop\aip\extractxpsdocument\extractxps\extractxps\debug\extractxps.tlog\rc.write.1.tlog
